[debug] [2025-10-15T13:01:09.771Z] Object "" in "firebase.json" has unknown property: {"additionalProperty":"projectId"}
[error] Failed to fetch Firebase Project from Studio Workspace because WORKSPACE_SLUG environment variable is empty
[debug] [2025-10-15T13:01:09.785Z] Object "" in "firebase.json" has unknown property: {"additionalProperty":"projectId"}
[error] Failed to fetch Firebase Project from Studio Workspace because WORKSPACE_SLUG environment variable is empty
[debug] [2025-10-15T13:01:09.789Z] Checked if tokens are valid: false, expires at: 1760533337066
[debug] [2025-10-15T13:01:09.789Z] Checked if tokens are valid: false, expires at: 1760533337066
[debug] [2025-10-15T13:01:09.790Z] > refreshing access token with scopes: []
[debug] [2025-10-15T13:01:09.794Z] >>> [apiv2][query] POST https://www.googleapis.com/oauth2/v3/token [none]
[debug] [2025-10-15T13:01:09.795Z] >>> [apiv2][body] POST https://www.googleapis.com/oauth2/v3/token [omitted]
[debug] [2025-10-15T13:01:09.904Z] Checked if tokens are valid: false, expires at: 1760533337066
[debug] [2025-10-15T13:01:09.904Z] Checked if tokens are valid: false, expires at: 1760533337066
[debug] [2025-10-15T13:01:09.905Z] > refreshing access token with scopes: []
[debug] [2025-10-15T13:01:09.905Z] >>> [apiv2][query] POST https://www.googleapis.com/oauth2/v3/token [none]
[debug] [2025-10-15T13:01:09.906Z] >>> [apiv2][body] POST https://www.googleapis.com/oauth2/v3/token [omitted]
[debug] [2025-10-15T13:01:09.911Z] Checked if tokens are valid: false, expires at: 1760533337066
[debug] [2025-10-15T13:01:09.911Z] Checked if tokens are valid: false, expires at: 1760533337066
[debug] [2025-10-15T13:01:09.912Z] > refreshing access token with scopes: []
[debug] [2025-10-15T13:01:09.913Z] >>> [apiv2][query] POST https://www.googleapis.com/oauth2/v3/token [none]
[debug] [2025-10-15T13:01:09.913Z] >>> [apiv2][body] POST https://www.googleapis.com/oauth2/v3/token [omitted]
[debug] [2025-10-15T13:01:09.917Z] Checked if tokens are valid: false, expires at: 1760533337066
[debug] [2025-10-15T13:01:09.917Z] Checked if tokens are valid: false, expires at: 1760533337066
[debug] [2025-10-15T13:01:09.917Z] > refreshing access token with scopes: []
[debug] [2025-10-15T13:01:09.918Z] >>> [apiv2][query] POST https://www.googleapis.com/oauth2/v3/token [none]
[debug] [2025-10-15T13:01:09.918Z] >>> [apiv2][body] POST https://www.googleapis.com/oauth2/v3/token [omitted]
[debug] [2025-10-15T13:01:09.921Z] Checked if tokens are valid: false, expires at: 1760533337066
[debug] [2025-10-15T13:01:09.921Z] Checked if tokens are valid: false, expires at: 1760533337066
[debug] [2025-10-15T13:01:09.921Z] > refreshing access token with scopes: []
[debug] [2025-10-15T13:01:09.922Z] >>> [apiv2][query] POST https://www.googleapis.com/oauth2/v3/token [none]
[debug] [2025-10-15T13:01:09.922Z] >>> [apiv2][body] POST https://www.googleapis.com/oauth2/v3/token [omitted]
[debug] [2025-10-15T13:01:09.925Z] Checked if tokens are valid: false, expires at: 1760533337066
[debug] [2025-10-15T13:01:09.926Z] Checked if tokens are valid: false, expires at: 1760533337066
[debug] [2025-10-15T13:01:09.926Z] > refreshing access token with scopes: []
[debug] [2025-10-15T13:01:09.926Z] >>> [apiv2][query] POST https://www.googleapis.com/oauth2/v3/token [none]
[debug] [2025-10-15T13:01:09.926Z] >>> [apiv2][body] POST https://www.googleapis.com/oauth2/v3/token [omitted]
[debug] [2025-10-15T13:01:09.929Z] Checked if tokens are valid: false, expires at: 1760533337066
[debug] [2025-10-15T13:01:09.929Z] Checked if tokens are valid: false, expires at: 1760533337066
[debug] [2025-10-15T13:01:09.930Z] > refreshing access token with scopes: []
[debug] [2025-10-15T13:01:09.930Z] >>> [apiv2][query] POST https://www.googleapis.com/oauth2/v3/token [none]
[debug] [2025-10-15T13:01:09.930Z] >>> [apiv2][body] POST https://www.googleapis.com/oauth2/v3/token [omitted]
[debug] [2025-10-15T13:01:09.933Z] Checked if tokens are valid: false, expires at: 1760533337066
[debug] [2025-10-15T13:01:09.933Z] Checked if tokens are valid: false, expires at: 1760533337066
[debug] [2025-10-15T13:01:09.933Z] > refreshing access token with scopes: []
[debug] [2025-10-15T13:01:09.934Z] >>> [apiv2][query] POST https://www.googleapis.com/oauth2/v3/token [none]
[debug] [2025-10-15T13:01:09.934Z] >>> [apiv2][body] POST https://www.googleapis.com/oauth2/v3/token [omitted]
[debug] [2025-10-15T13:01:09.937Z] Checked if tokens are valid: false, expires at: 1760533337066
[debug] [2025-10-15T13:01:09.937Z] Checked if tokens are valid: false, expires at: 1760533337066
[debug] [2025-10-15T13:01:09.937Z] > refreshing access token with scopes: []
[debug] [2025-10-15T13:01:09.938Z] >>> [apiv2][query] POST https://www.googleapis.com/oauth2/v3/token [none]
[debug] [2025-10-15T13:01:09.938Z] >>> [apiv2][body] POST https://www.googleapis.com/oauth2/v3/token [omitted]
[debug] [2025-10-15T13:01:10.115Z] Object "" in "firebase.json" has unknown property: {"additionalProperty":"projectId"}
[error] Failed to fetch Firebase Project from Studio Workspace because WORKSPACE_SLUG environment variable is empty
[debug] [2025-10-15T13:01:10.127Z] Object "" in "firebase.json" has unknown property: {"additionalProperty":"projectId"}
[error] Failed to fetch Firebase Project from Studio Workspace because WORKSPACE_SLUG environment variable is empty
[debug] [2025-10-15T13:01:10.133Z] Checked if tokens are valid: false, expires at: 1760533337066
[debug] [2025-10-15T13:01:10.133Z] Checked if tokens are valid: false, expires at: 1760533337066
[debug] [2025-10-15T13:01:10.133Z] > refreshing access token with scopes: []
[debug] [2025-10-15T13:01:10.134Z] >>> [apiv2][query] POST https://www.googleapis.com/oauth2/v3/token [none]
[debug] [2025-10-15T13:01:10.134Z] >>> [apiv2][body] POST https://www.googleapis.com/oauth2/v3/token [omitted]
[debug] [2025-10-15T13:01:10.135Z] Checked if tokens are valid: false, expires at: 1760533337066
[debug] [2025-10-15T13:01:10.135Z] Checked if tokens are valid: false, expires at: 1760533337066
[debug] [2025-10-15T13:01:10.136Z] > refreshing access token with scopes: []
[debug] [2025-10-15T13:01:10.136Z] >>> [apiv2][query] POST https://www.googleapis.com/oauth2/v3/token [none]
[debug] [2025-10-15T13:01:10.136Z] >>> [apiv2][body] POST https://www.googleapis.com/oauth2/v3/token [omitted]
[debug] [2025-10-15T13:01:10.138Z] Checked if tokens are valid: false, expires at: 1760533337066
[debug] [2025-10-15T13:01:10.138Z] Checked if tokens are valid: false, expires at: 1760533337066
[debug] [2025-10-15T13:01:10.138Z] > refreshing access token with scopes: []
[debug] [2025-10-15T13:01:10.138Z] >>> [apiv2][query] POST https://www.googleapis.com/oauth2/v3/token [none]
[debug] [2025-10-15T13:01:10.138Z] >>> [apiv2][body] POST https://www.googleapis.com/oauth2/v3/token [omitted]
[debug] [2025-10-15T13:01:10.142Z] Checked if tokens are valid: false, expires at: 1760533337066
[debug] [2025-10-15T13:01:10.142Z] Checked if tokens are valid: false, expires at: 1760533337066
[debug] [2025-10-15T13:01:10.142Z] > refreshing access token with scopes: []
[debug] [2025-10-15T13:01:10.143Z] >>> [apiv2][query] POST https://www.googleapis.com/oauth2/v3/token [none]
[debug] [2025-10-15T13:01:10.143Z] >>> [apiv2][body] POST https://www.googleapis.com/oauth2/v3/token [omitted]
[debug] [2025-10-15T13:01:10.148Z] Checked if tokens are valid: false, expires at: 1760533337066
[debug] [2025-10-15T13:01:10.148Z] Checked if tokens are valid: false, expires at: 1760533337066
[debug] [2025-10-15T13:01:10.148Z] > refreshing access token with scopes: []
[debug] [2025-10-15T13:01:10.151Z] >>> [apiv2][query] POST https://www.googleapis.com/oauth2/v3/token [none]
[debug] [2025-10-15T13:01:10.151Z] >>> [apiv2][body] POST https://www.googleapis.com/oauth2/v3/token [omitted]
[debug] [2025-10-15T13:01:10.156Z] Checked if tokens are valid: false, expires at: 1760533337066
[debug] [2025-10-15T13:01:10.156Z] Checked if tokens are valid: false, expires at: 1760533337066
[debug] [2025-10-15T13:01:10.156Z] > refreshing access token with scopes: []
[debug] [2025-10-15T13:01:10.157Z] >>> [apiv2][query] POST https://www.googleapis.com/oauth2/v3/token [none]
[debug] [2025-10-15T13:01:10.157Z] >>> [apiv2][body] POST https://www.googleapis.com/oauth2/v3/token [omitted]
[debug] [2025-10-15T13:01:10.160Z] Checked if tokens are valid: false, expires at: 1760533337066
[debug] [2025-10-15T13:01:10.160Z] Checked if tokens are valid: false, expires at: 1760533337066
[debug] [2025-10-15T13:01:10.160Z] > refreshing access token with scopes: []
[debug] [2025-10-15T13:01:10.161Z] >>> [apiv2][query] POST https://www.googleapis.com/oauth2/v3/token [none]
[debug] [2025-10-15T13:01:10.161Z] >>> [apiv2][body] POST https://www.googleapis.com/oauth2/v3/token [omitted]
[debug] [2025-10-15T13:01:10.163Z] Checked if tokens are valid: false, expires at: 1760533337066
[debug] [2025-10-15T13:01:10.163Z] Checked if tokens are valid: false, expires at: 1760533337066
[debug] [2025-10-15T13:01:10.163Z] > refreshing access token with scopes: []
[debug] [2025-10-15T13:01:10.168Z] >>> [apiv2][query] POST https://www.googleapis.com/oauth2/v3/token [none]
[debug] [2025-10-15T13:01:10.168Z] >>> [apiv2][body] POST https://www.googleapis.com/oauth2/v3/token [omitted]
[debug] [2025-10-15T13:01:10.173Z] Checked if tokens are valid: false, expires at: 1760533337066
[debug] [2025-10-15T13:01:10.173Z] Checked if tokens are valid: false, expires at: 1760533337066
[debug] [2025-10-15T13:01:10.173Z] > refreshing access token with scopes: []
[debug] [2025-10-15T13:01:10.173Z] >>> [apiv2][query] POST https://www.googleapis.com/oauth2/v3/token [none]
[debug] [2025-10-15T13:01:10.174Z] >>> [apiv2][body] POST https://www.googleapis.com/oauth2/v3/token [omitted]
[debug] [2025-10-15T13:01:10.233Z] <<< [apiv2][status] POST https://www.googleapis.com/oauth2/v3/token 200
[debug] [2025-10-15T13:01:10.235Z] <<< [apiv2][body] POST https://www.googleapis.com/oauth2/v3/token [omitted]
[debug] [2025-10-15T13:01:10.260Z] >>> [apiv2][query] GET https://serviceusage.googleapis.com/v1/projects/bookworms-of-hstu/services/storage.googleapis.com [none]
[debug] [2025-10-15T13:01:10.260Z] >>> [apiv2][(partial)header] GET https://serviceusage.googleapis.com/v1/projects/bookworms-of-hstu/services/storage.googleapis.com x-goog-quota-user=projects/bookworms-of-hstu
[debug] [2025-10-15T13:01:10.303Z] <<< [apiv2][status] POST https://www.googleapis.com/oauth2/v3/token 200
[debug] [2025-10-15T13:01:10.304Z] <<< [apiv2][body] POST https://www.googleapis.com/oauth2/v3/token [omitted]
[debug] [2025-10-15T13:01:10.319Z] >>> [apiv2][query] GET https://serviceusage.googleapis.com/v1/projects/bookworms-of-hstu/services/cloudfunctions.googleapis.com [none]
[debug] [2025-10-15T13:01:10.319Z] >>> [apiv2][(partial)header] GET https://serviceusage.googleapis.com/v1/projects/bookworms-of-hstu/services/cloudfunctions.googleapis.com x-goog-quota-user=projects/bookworms-of-hstu
[debug] [2025-10-15T13:01:10.325Z] <<< [apiv2][status] POST https://www.googleapis.com/oauth2/v3/token 200
[debug] [2025-10-15T13:01:10.326Z] <<< [apiv2][body] POST https://www.googleapis.com/oauth2/v3/token [omitted]
[debug] [2025-10-15T13:01:10.346Z] >>> [apiv2][query] GET https://serviceusage.googleapis.com/v1/projects/bookworms-of-hstu/services/identitytoolkit.googleapis.com [none]
[debug] [2025-10-15T13:01:10.346Z] >>> [apiv2][(partial)header] GET https://serviceusage.googleapis.com/v1/projects/bookworms-of-hstu/services/identitytoolkit.googleapis.com x-goog-quota-user=projects/bookworms-of-hstu
[debug] [2025-10-15T13:01:10.370Z] <<< [apiv2][status] POST https://www.googleapis.com/oauth2/v3/token 200
[debug] [2025-10-15T13:01:10.370Z] <<< [apiv2][body] POST https://www.googleapis.com/oauth2/v3/token [omitted]
[debug] [2025-10-15T13:01:10.391Z] >>> [apiv2][query] GET https://serviceusage.googleapis.com/v1/projects/bookworms-of-hstu/services/fcm.googleapis.com [none]
[debug] [2025-10-15T13:01:10.391Z] >>> [apiv2][(partial)header] GET https://serviceusage.googleapis.com/v1/projects/bookworms-of-hstu/services/fcm.googleapis.com x-goog-quota-user=projects/bookworms-of-hstu
[debug] [2025-10-15T13:01:10.446Z] <<< [apiv2][status] POST https://www.googleapis.com/oauth2/v3/token 200
[debug] [2025-10-15T13:01:10.447Z] <<< [apiv2][body] POST https://www.googleapis.com/oauth2/v3/token [omitted]
[debug] [2025-10-15T13:01:10.478Z] >>> [apiv2][query] GET https://serviceusage.googleapis.com/v1/projects/bookworms-of-hstu/services/identitytoolkit.googleapis.com [none]
[debug] [2025-10-15T13:01:10.481Z] >>> [apiv2][(partial)header] GET https://serviceusage.googleapis.com/v1/projects/bookworms-of-hstu/services/identitytoolkit.googleapis.com x-goog-quota-user=projects/bookworms-of-hstu
[debug] [2025-10-15T13:01:10.489Z] <<< [apiv2][status] POST https://www.googleapis.com/oauth2/v3/token 200
[debug] [2025-10-15T13:01:10.489Z] <<< [apiv2][body] POST https://www.googleapis.com/oauth2/v3/token [omitted]
[debug] [2025-10-15T13:01:10.503Z] >>> [apiv2][query] GET https://serviceusage.googleapis.com/v1/projects/bookworms-of-hstu/services/firebaseio.com [none]
[debug] [2025-10-15T13:01:10.503Z] >>> [apiv2][(partial)header] GET https://serviceusage.googleapis.com/v1/projects/bookworms-of-hstu/services/firebaseio.com x-goog-quota-user=projects/bookworms-of-hstu
[debug] [2025-10-15T13:01:10.506Z] <<< [apiv2][status] POST https://www.googleapis.com/oauth2/v3/token 200
[debug] [2025-10-15T13:01:10.507Z] <<< [apiv2][body] POST https://www.googleapis.com/oauth2/v3/token [omitted]
[debug] [2025-10-15T13:01:10.521Z] >>> [apiv2][query] GET https://serviceusage.googleapis.com/v1/projects/bookworms-of-hstu/services/fcm.googleapis.com [none]
[debug] [2025-10-15T13:01:10.521Z] >>> [apiv2][(partial)header] GET https://serviceusage.googleapis.com/v1/projects/bookworms-of-hstu/services/fcm.googleapis.com x-goog-quota-user=projects/bookworms-of-hstu
[debug] [2025-10-15T13:01:10.534Z] <<< [apiv2][status] POST https://www.googleapis.com/oauth2/v3/token 200
[debug] [2025-10-15T13:01:10.535Z] <<< [apiv2][body] POST https://www.googleapis.com/oauth2/v3/token [omitted]
[debug] [2025-10-15T13:01:10.554Z] >>> [apiv2][query] GET https://serviceusage.googleapis.com/v1/projects/bookworms-of-hstu/services/cloudfunctions.googleapis.com [none]
[debug] [2025-10-15T13:01:10.554Z] >>> [apiv2][(partial)header] GET https://serviceusage.googleapis.com/v1/projects/bookworms-of-hstu/services/cloudfunctions.googleapis.com x-goog-quota-user=projects/bookworms-of-hstu
[debug] [2025-10-15T13:01:10.569Z] <<< [apiv2][status] POST https://www.googleapis.com/oauth2/v3/token 200
[debug] [2025-10-15T13:01:10.569Z] <<< [apiv2][body] POST https://www.googleapis.com/oauth2/v3/token [omitted]
[debug] [2025-10-15T13:01:10.588Z] >>> [apiv2][query] GET https://serviceusage.googleapis.com/v1/projects/bookworms-of-hstu/services/firebasedataconnect.googleapis.com [none]
[debug] [2025-10-15T13:01:10.588Z] >>> [apiv2][(partial)header] GET https://serviceusage.googleapis.com/v1/projects/bookworms-of-hstu/services/firebasedataconnect.googleapis.com x-goog-quota-user=projects/bookworms-of-hstu
[debug] [2025-10-15T13:01:10.597Z] <<< [apiv2][status] POST https://www.googleapis.com/oauth2/v3/token 200
[debug] [2025-10-15T13:01:10.598Z] <<< [apiv2][body] POST https://www.googleapis.com/oauth2/v3/token [omitted]
[debug] [2025-10-15T13:01:10.612Z] >>> [apiv2][query] GET https://serviceusage.googleapis.com/v1/projects/bookworms-of-hstu/services/firebaseremoteconfig.googleapis.com [none]
[debug] [2025-10-15T13:01:10.612Z] >>> [apiv2][(partial)header] GET https://serviceusage.googleapis.com/v1/projects/bookworms-of-hstu/services/firebaseremoteconfig.googleapis.com x-goog-quota-user=projects/bookworms-of-hstu
[debug] [2025-10-15T13:01:10.655Z] <<< [apiv2][status] POST https://www.googleapis.com/oauth2/v3/token 200
[debug] [2025-10-15T13:01:10.655Z] <<< [apiv2][body] POST https://www.googleapis.com/oauth2/v3/token [omitted]
[debug] [2025-10-15T13:01:10.680Z] >>> [apiv2][query] GET https://serviceusage.googleapis.com/v1/projects/bookworms-of-hstu/services/ [none]
[debug] [2025-10-15T13:01:10.680Z] >>> [apiv2][(partial)header] GET https://serviceusage.googleapis.com/v1/projects/bookworms-of-hstu/services/ x-goog-quota-user=projects/bookworms-of-hstu
[debug] [2025-10-15T13:01:10.684Z] <<< [apiv2][status] POST https://www.googleapis.com/oauth2/v3/token 200
[debug] [2025-10-15T13:01:10.684Z] <<< [apiv2][body] POST https://www.googleapis.com/oauth2/v3/token [omitted]
[debug] [2025-10-15T13:01:10.704Z] >>> [apiv2][query] GET https://serviceusage.googleapis.com/v1/projects/bookworms-of-hstu/services/firebasedataconnect.googleapis.com [none]
[debug] [2025-10-15T13:01:10.704Z] >>> [apiv2][(partial)header] GET https://serviceusage.googleapis.com/v1/projects/bookworms-of-hstu/services/firebasedataconnect.googleapis.com x-goog-quota-user=projects/bookworms-of-hstu
[debug] [2025-10-15T13:01:10.717Z] <<< [apiv2][status] POST https://www.googleapis.com/oauth2/v3/token 200
[debug] [2025-10-15T13:01:10.718Z] <<< [apiv2][body] POST https://www.googleapis.com/oauth2/v3/token [omitted]
[debug] [2025-10-15T13:01:10.730Z] >>> [apiv2][query] GET https://serviceusage.googleapis.com/v1/projects/bookworms-of-hstu/services/storage.googleapis.com [none]
[debug] [2025-10-15T13:01:10.731Z] >>> [apiv2][(partial)header] GET https://serviceusage.googleapis.com/v1/projects/bookworms-of-hstu/services/storage.googleapis.com x-goog-quota-user=projects/bookworms-of-hstu
[debug] [2025-10-15T13:01:10.734Z] <<< [apiv2][status] POST https://www.googleapis.com/oauth2/v3/token 200
[debug] [2025-10-15T13:01:10.734Z] <<< [apiv2][body] POST https://www.googleapis.com/oauth2/v3/token [omitted]
[debug] [2025-10-15T13:01:10.754Z] >>> [apiv2][query] GET https://serviceusage.googleapis.com/v1/projects/bookworms-of-hstu/services/ [none]
[debug] [2025-10-15T13:01:10.754Z] >>> [apiv2][(partial)header] GET https://serviceusage.googleapis.com/v1/projects/bookworms-of-hstu/services/ x-goog-quota-user=projects/bookworms-of-hstu
[debug] [2025-10-15T13:01:10.766Z] <<< [apiv2][status] POST https://www.googleapis.com/oauth2/v3/token 200
[debug] [2025-10-15T13:01:10.766Z] <<< [apiv2][body] POST https://www.googleapis.com/oauth2/v3/token [omitted]
[debug] [2025-10-15T13:01:10.783Z] >>> [apiv2][query] GET https://serviceusage.googleapis.com/v1/projects/bookworms-of-hstu/services/firebasecrashlytics.googleapis.com [none]
[debug] [2025-10-15T13:01:10.785Z] >>> [apiv2][(partial)header] GET https://serviceusage.googleapis.com/v1/projects/bookworms-of-hstu/services/firebasecrashlytics.googleapis.com x-goog-quota-user=projects/bookworms-of-hstu
[debug] [2025-10-15T13:01:10.792Z] <<< [apiv2][status] POST https://www.googleapis.com/oauth2/v3/token 200
[debug] [2025-10-15T13:01:10.792Z] <<< [apiv2][body] POST https://www.googleapis.com/oauth2/v3/token [omitted]
[debug] [2025-10-15T13:01:10.806Z] >>> [apiv2][query] GET https://serviceusage.googleapis.com/v1/projects/bookworms-of-hstu/services/firebaseio.com [none]
[debug] [2025-10-15T13:01:10.807Z] >>> [apiv2][(partial)header] GET https://serviceusage.googleapis.com/v1/projects/bookworms-of-hstu/services/firebaseio.com x-goog-quota-user=projects/bookworms-of-hstu
[debug] [2025-10-15T13:01:10.838Z] <<< [apiv2][status] POST https://www.googleapis.com/oauth2/v3/token 200
[debug] [2025-10-15T13:01:10.838Z] <<< [apiv2][body] POST https://www.googleapis.com/oauth2/v3/token [omitted]
[debug] [2025-10-15T13:01:10.858Z] >>> [apiv2][query] GET https://serviceusage.googleapis.com/v1/projects/bookworms-of-hstu/services/firebaseremoteconfig.googleapis.com [none]
[debug] [2025-10-15T13:01:10.859Z] >>> [apiv2][(partial)header] GET https://serviceusage.googleapis.com/v1/projects/bookworms-of-hstu/services/firebaseremoteconfig.googleapis.com x-goog-quota-user=projects/bookworms-of-hstu
[debug] [2025-10-15T13:01:10.918Z] <<< [apiv2][status] POST https://www.googleapis.com/oauth2/v3/token 200
[debug] [2025-10-15T13:01:10.922Z] <<< [apiv2][body] POST https://www.googleapis.com/oauth2/v3/token [omitted]
[debug] [2025-10-15T13:01:10.945Z] >>> [apiv2][query] GET https://serviceusage.googleapis.com/v1/projects/bookworms-of-hstu/services/firebasecrashlytics.googleapis.com [none]
[debug] [2025-10-15T13:01:10.945Z] >>> [apiv2][(partial)header] GET https://serviceusage.googleapis.com/v1/projects/bookworms-of-hstu/services/firebasecrashlytics.googleapis.com x-goog-quota-user=projects/bookworms-of-hstu
[debug] [2025-10-15T13:01:11.572Z] <<< [apiv2][status] GET https://serviceusage.googleapis.com/v1/projects/bookworms-of-hstu/services/identitytoolkit.googleapis.com 200
[debug] [2025-10-15T13:01:11.572Z] <<< [apiv2][body] GET https://serviceusage.googleapis.com/v1/projects/bookworms-of-hstu/services/identitytoolkit.googleapis.com [omitted]
[debug] [2025-10-15T13:01:11.589Z] <<< [apiv2][status] GET https://serviceusage.googleapis.com/v1/projects/bookworms-of-hstu/services/fcm.googleapis.com 200
[debug] [2025-10-15T13:01:11.596Z] <<< [apiv2][body] GET https://serviceusage.googleapis.com/v1/projects/bookworms-of-hstu/services/fcm.googleapis.com [omitted]
[debug] [2025-10-15T13:01:11.609Z] <<< [apiv2][status] GET https://serviceusage.googleapis.com/v1/projects/bookworms-of-hstu/services/cloudfunctions.googleapis.com 200
[debug] [2025-10-15T13:01:11.609Z] <<< [apiv2][body] GET https://serviceusage.googleapis.com/v1/projects/bookworms-of-hstu/services/cloudfunctions.googleapis.com [omitted]
[debug] [2025-10-15T13:01:11.621Z] <<< [apiv2][status] GET https://serviceusage.googleapis.com/v1/projects/bookworms-of-hstu/services/storage.googleapis.com 200
[debug] [2025-10-15T13:01:11.622Z] <<< [apiv2][body] GET https://serviceusage.googleapis.com/v1/projects/bookworms-of-hstu/services/storage.googleapis.com [omitted]
[debug] [2025-10-15T13:01:11.652Z] <<< [apiv2][status] GET https://serviceusage.googleapis.com/v1/projects/bookworms-of-hstu/services/firebaseio.com 403
[debug] [2025-10-15T13:01:11.652Z] <<< [apiv2][body] GET https://serviceusage.googleapis.com/v1/projects/bookworms-of-hstu/services/firebaseio.com [omitted]
[debug] [2025-10-15T13:01:11.663Z] <<< [apiv2][status] GET https://serviceusage.googleapis.com/v1/projects/bookworms-of-hstu/services/fcm.googleapis.com 200
[debug] [2025-10-15T13:01:11.663Z] <<< [apiv2][body] GET https://serviceusage.googleapis.com/v1/projects/bookworms-of-hstu/services/fcm.googleapis.com [omitted]
[debug] [2025-10-15T13:01:11.699Z] <<< [apiv2][status] GET https://serviceusage.googleapis.com/v1/projects/bookworms-of-hstu/services/identitytoolkit.googleapis.com 200
[debug] [2025-10-15T13:01:11.699Z] <<< [apiv2][body] GET https://serviceusage.googleapis.com/v1/projects/bookworms-of-hstu/services/identitytoolkit.googleapis.com [omitted]
[debug] [2025-10-15T13:01:11.733Z] <<< [apiv2][status] GET https://serviceusage.googleapis.com/v1/projects/bookworms-of-hstu/services/firebasedataconnect.googleapis.com 200
[debug] [2025-10-15T13:01:11.733Z] <<< [apiv2][body] GET https://serviceusage.googleapis.com/v1/projects/bookworms-of-hstu/services/firebasedataconnect.googleapis.com [omitted]
[debug] [2025-10-15T13:01:11.743Z] <<< [apiv2][status] GET https://serviceusage.googleapis.com/v1/projects/bookworms-of-hstu/services/cloudfunctions.googleapis.com 200
[debug] [2025-10-15T13:01:11.743Z] <<< [apiv2][body] GET https://serviceusage.googleapis.com/v1/projects/bookworms-of-hstu/services/cloudfunctions.googleapis.com [omitted]
[debug] [2025-10-15T13:01:11.748Z] <<< [apiv2][status] GET https://serviceusage.googleapis.com/v1/projects/bookworms-of-hstu/services/firebaseremoteconfig.googleapis.com 200
[debug] [2025-10-15T13:01:11.748Z] <<< [apiv2][body] GET https://serviceusage.googleapis.com/v1/projects/bookworms-of-hstu/services/firebaseremoteconfig.googleapis.com [omitted]
[debug] [2025-10-15T13:01:11.826Z] <<< [apiv2][status] GET https://serviceusage.googleapis.com/v1/projects/bookworms-of-hstu/services/firebasedataconnect.googleapis.com 200
[debug] [2025-10-15T13:01:11.833Z] <<< [apiv2][body] GET https://serviceusage.googleapis.com/v1/projects/bookworms-of-hstu/services/firebasedataconnect.googleapis.com [omitted]
[debug] [2025-10-15T13:01:11.851Z] <<< [apiv2][status] GET https://serviceusage.googleapis.com/v1/projects/bookworms-of-hstu/services/firebaseio.com 403
[debug] [2025-10-15T13:01:11.851Z] <<< [apiv2][body] GET https://serviceusage.googleapis.com/v1/projects/bookworms-of-hstu/services/firebaseio.com [omitted]
[debug] [2025-10-15T13:01:11.895Z] <<< [apiv2][status] GET https://serviceusage.googleapis.com/v1/projects/bookworms-of-hstu/services/storage.googleapis.com 200
[debug] [2025-10-15T13:01:11.895Z] <<< [apiv2][body] GET https://serviceusage.googleapis.com/v1/projects/bookworms-of-hstu/services/storage.googleapis.com [omitted]
[debug] [2025-10-15T13:01:11.930Z] <<< [apiv2][status] GET https://serviceusage.googleapis.com/v1/projects/bookworms-of-hstu/services/firebasecrashlytics.googleapis.com 200
[debug] [2025-10-15T13:01:11.930Z] <<< [apiv2][body] GET https://serviceusage.googleapis.com/v1/projects/bookworms-of-hstu/services/firebasecrashlytics.googleapis.com [omitted]
[debug] [2025-10-15T13:01:11.953Z] <<< [apiv2][status] GET https://serviceusage.googleapis.com/v1/projects/bookworms-of-hstu/services/firebaseremoteconfig.googleapis.com 200
[debug] [2025-10-15T13:01:11.954Z] <<< [apiv2][body] GET https://serviceusage.googleapis.com/v1/projects/bookworms-of-hstu/services/firebaseremoteconfig.googleapis.com [omitted]
[debug] [2025-10-15T13:01:11.986Z] <<< [apiv2][status] GET https://serviceusage.googleapis.com/v1/projects/bookworms-of-hstu/services/firebasecrashlytics.googleapis.com 200
[debug] [2025-10-15T13:01:11.987Z] <<< [apiv2][body] GET https://serviceusage.googleapis.com/v1/projects/bookworms-of-hstu/services/firebasecrashlytics.googleapis.com [omitted]
[debug] [2025-10-15T13:01:12.095Z] <<< [apiv2][status] GET https://serviceusage.googleapis.com/v1/projects/bookworms-of-hstu/services/ 200
[debug] [2025-10-15T13:01:12.096Z] <<< [apiv2][body] GET https://serviceusage.googleapis.com/v1/projects/bookworms-of-hstu/services/ [omitted]
[debug] [2025-10-15T13:01:12.151Z] <<< [apiv2][status] GET https://serviceusage.googleapis.com/v1/projects/bookworms-of-hstu/services/ 200
[debug] [2025-10-15T13:01:12.151Z] <<< [apiv2][body] GET https://serviceusage.googleapis.com/v1/projects/bookworms-of-hstu/services/ [omitted]
[debug] [2025-10-15T13:01:12.152Z] Object "" in "firebase.json" has unknown property: {"additionalProperty":"projectId"}
[error] Failed to fetch Firebase Project from Studio Workspace because WORKSPACE_SLUG environment variable is empty
[debug] [2025-10-15T13:01:12.160Z] Object "" in "firebase.json" has unknown property: {"additionalProperty":"projectId"}
[error] Failed to fetch Firebase Project from Studio Workspace because WORKSPACE_SLUG environment variable is empty
[debug] [2025-10-15T13:01:12.177Z] > command requires scopes: ["email","openid","https://www.googleapis.com/auth/cloudplatformprojects.readonly","https://www.googleapis.com/auth/firebase","https://www.googleapis.com/auth/cloud-platform","https://www.googleapis.com/auth/userinfo.email"]
[debug] [2025-10-15T13:01:12.180Z] > authorizing via signed-in user (princekhan7748@gmail.com)
[debug] [2025-10-15T13:01:12.208Z] Object "" in "firebase.json" has unknown property: {"additionalProperty":"projectId"}
[error] Failed to fetch Firebase Project from Studio Workspace because WORKSPACE_SLUG environment variable is empty
[debug] [2025-10-15T13:01:12.213Z] Object "" in "firebase.json" has unknown property: {"additionalProperty":"projectId"}
[error] Failed to fetch Firebase Project from Studio Workspace because WORKSPACE_SLUG environment variable is empty
[debug] [2025-10-15T13:01:12.231Z] Object "" in "firebase.json" has unknown property: {"additionalProperty":"projectId"}
[error] Failed to fetch Firebase Project from Studio Workspace because WORKSPACE_SLUG environment variable is empty
[debug] [2025-10-15T13:01:12.237Z] > command requires scopes: ["email","openid","https://www.googleapis.com/auth/cloudplatformprojects.readonly","https://www.googleapis.com/auth/firebase","https://www.googleapis.com/auth/cloud-platform","https://www.googleapis.com/auth/userinfo.email"]
[debug] [2025-10-15T13:01:12.238Z] > authorizing via signed-in user (princekhan7748@gmail.com)
[debug] [2025-10-15T13:01:12.278Z] Object "" in "firebase.json" has unknown property: {"additionalProperty":"projectId"}
[error] Failed to fetch Firebase Project from Studio Workspace because WORKSPACE_SLUG environment variable is empty
[debug] [2025-10-15T13:01:12.282Z] > command requires scopes: ["email","openid","https://www.googleapis.com/auth/cloudplatformprojects.readonly","https://www.googleapis.com/auth/firebase","https://www.googleapis.com/auth/cloud-platform","https://www.googleapis.com/auth/userinfo.email"]
[debug] [2025-10-15T13:01:12.282Z] > authorizing via signed-in user (princekhan7748@gmail.com)
[debug] [2025-10-15T13:02:10.509Z] Object "" in "firebase.json" has unknown property: {"additionalProperty":"projectId"}
[error] Failed to fetch Firebase Project from Studio Workspace because WORKSPACE_SLUG environment variable is empty
[debug] [2025-10-15T13:02:10.513Z] Object "" in "firebase.json" has unknown property: {"additionalProperty":"projectId"}
[error] Failed to fetch Firebase Project from Studio Workspace because WORKSPACE_SLUG environment variable is empty
[debug] [2025-10-15T13:02:10.513Z] > command requires scopes: ["email","openid","https://www.googleapis.com/auth/cloudplatformprojects.readonly","https://www.googleapis.com/auth/firebase","https://www.googleapis.com/auth/cloud-platform","https://www.googleapis.com/auth/userinfo.email"]
[debug] [2025-10-15T13:02:10.521Z] > authorizing via signed-in user (princekhan7748@gmail.com)
[debug] [2025-10-15T13:02:10.522Z] Object "" in "firebase.json" has unknown property: {"additionalProperty":"projectId"}
[debug] [2025-10-15T13:02:10.538Z] Checked if tokens are valid: true, expires at: 1760536869922
[debug] [2025-10-15T13:02:10.538Z] Checked if tokens are valid: true, expires at: 1760536869922
[debug] [2025-10-15T13:02:10.539Z] >>> [apiv2][query] GET https://serviceusage.googleapis.com/v1/projects/your-new-project-id/services/cloudresourcemanager.googleapis.com [none]
[debug] [2025-10-15T13:02:10.539Z] >>> [apiv2][(partial)header] GET https://serviceusage.googleapis.com/v1/projects/your-new-project-id/services/cloudresourcemanager.googleapis.com x-goog-quota-user=projects/your-new-project-id
[debug] [2025-10-15T13:02:11.592Z] <<< [apiv2][status] GET https://serviceusage.googleapis.com/v1/projects/your-new-project-id/services/cloudresourcemanager.googleapis.com 403
[debug] [2025-10-15T13:02:11.595Z] <<< [apiv2][body] GET https://serviceusage.googleapis.com/v1/projects/your-new-project-id/services/cloudresourcemanager.googleapis.com [omitted]
[debug] [2025-10-15T13:02:11.595Z] Unable to check that https://cloudresourcemanager.googleapis.com is enabled on your-new-project-id. Calls to it will fail if it is not enabled
[debug] [2025-10-15T13:02:11.595Z] Checked if tokens are valid: true, expires at: 1760536869922
[debug] [2025-10-15T13:02:11.596Z] Checked if tokens are valid: true, expires at: 1760536869922
[debug] [2025-10-15T13:02:11.600Z] >>> [apiv2][query] GET https://cloudresourcemanager.googleapis.com/v1/projects/your-new-project-id [none]
[debug] [2025-10-15T13:02:12.502Z] <<< [apiv2][status] GET https://cloudresourcemanager.googleapis.com/v1/projects/your-new-project-id 403
[debug] [2025-10-15T13:02:12.502Z] <<< [apiv2][body] GET https://cloudresourcemanager.googleapis.com/v1/projects/your-new-project-id {"error":{"code":403,"message":"The caller does not have permission","status":"PERMISSION_DENIED"}}
[debug] [2025-10-15T13:03:37.013Z] Object "" in "firebase.json" has unknown property: {"additionalProperty":"projectId"}
[error] Failed to fetch Firebase Project from Studio Workspace because WORKSPACE_SLUG environment variable is empty
[debug] [2025-10-15T13:03:37.016Z] Object "" in "firebase.json" has unknown property: {"additionalProperty":"projectId"}
[error] Failed to fetch Firebase Project from Studio Workspace because WORKSPACE_SLUG environment variable is empty
[debug] [2025-10-15T13:03:37.017Z] > command requires scopes: ["email","openid","https://www.googleapis.com/auth/cloudplatformprojects.readonly","https://www.googleapis.com/auth/firebase","https://www.googleapis.com/auth/cloud-platform","https://www.googleapis.com/auth/userinfo.email"]
[debug] [2025-10-15T13:03:37.018Z] > authorizing via signed-in user (princekhan7748@gmail.com)
[debug] [2025-10-15T13:03:37.018Z] Object "" in "firebase.json" has unknown property: {"additionalProperty":"projectId"}
[debug] [2025-10-15T13:03:37.020Z] Checked if tokens are valid: true, expires at: 1760536869922
[debug] [2025-10-15T13:03:37.020Z] Checked if tokens are valid: true, expires at: 1760536869922
[debug] [2025-10-15T13:03:37.020Z] >>> [apiv2][query] GET https://cloudresourcemanager.googleapis.com/v1/projects/bookworms-of-hstu [none]
[debug] [2025-10-15T13:03:37.810Z] <<< [apiv2][status] GET https://cloudresourcemanager.googleapis.com/v1/projects/bookworms-of-hstu 200
[debug] [2025-10-15T13:03:37.814Z] <<< [apiv2][body] GET https://cloudresourcemanager.googleapis.com/v1/projects/bookworms-of-hstu {"projectNumber":"96187110371","projectId":"bookworms-of-hstu","lifecycleState":"ACTIVE","name":"Bookworms of HSTU","labels":{"firebase":"enabled","firebase-core":"disabled"},"createTime":"2025-10-15T05:05:24.866380Z"}
[info] Updating Studio Workspace active project to match Firebase CLI 'bookworms-of-hstu'
[error] Failed to update Firebase Project for Studio Workspace because WORKSPACE_SLUG environment variable is empty
[info] Now using project bookworms-of-hstu
[debug] [2025-10-15T13:04:08.291Z] Object "" in "firebase.json" has unknown property: {"additionalProperty":"projectId"}
[error] Failed to fetch Firebase Project from Studio Workspace because WORKSPACE_SLUG environment variable is empty
[debug] [2025-10-15T13:04:08.293Z] Object "" in "firebase.json" has unknown property: {"additionalProperty":"projectId"}
[error] Failed to fetch Firebase Project from Studio Workspace because WORKSPACE_SLUG environment variable is empty
[debug] [2025-10-15T13:04:08.297Z] > command requires scopes: ["email","openid","https://www.googleapis.com/auth/cloudplatformprojects.readonly","https://www.googleapis.com/auth/firebase","https://www.googleapis.com/auth/cloud-platform","https://www.googleapis.com/auth/userinfo.email"]
[debug] [2025-10-15T13:04:08.297Z] > authorizing via signed-in user (princekhan7748@gmail.com)
[debug] [2025-10-15T13:04:08.299Z] Object "" in "firebase.json" has unknown property: {"additionalProperty":"projectId"}
[debug] [2025-10-15T13:04:08.305Z] Checked if tokens are valid: true, expires at: 1760536869922
[debug] [2025-10-15T13:04:08.305Z] Checked if tokens are valid: true, expires at: 1760536869922
[debug] [2025-10-15T13:04:08.309Z] >>> [apiv2][query] GET https://firebase.googleapis.com/v1beta1/projects/bookworms-of-hstu/webApps pageSize=100
[debug] [2025-10-15T13:04:08.543Z] <<< [apiv2][status] GET https://firebase.googleapis.com/v1beta1/projects/bookworms-of-hstu/webApps 200
[debug] [2025-10-15T13:04:08.547Z] <<< [apiv2][body] GET https://firebase.googleapis.com/v1beta1/projects/bookworms-of-hstu/webApps {"apps":[{"name":"projects/bookworms-of-hstu/webApps/1:96187110371:web:2f8fb0ccb22dd16cccc6d6","appId":"1:96187110371:web:2f8fb0ccb22dd16cccc6d6","displayName":"bookworm-monitor","projectId":"bookworms-of-hstu","webId":"YWFkZThlYWEtMDkwZi00MWZlLWI2NWMtYTE0ZDExNTViMmQ2","apiKeyId":"d15b5802-8265-4ca9-a238-f7ea917bf110","state":"ACTIVE","expireTime":"1970-01-01T00:00:00Z","etag":"1_4e3d00d4-2854-40e5-977e-4c138bc1be46"},{"name":"projects/bookworms-of-hstu/webApps/1:96187110371:web:57baa9fb6a75ab23ccc6d6","appId":"1:96187110371:web:57baa9fb6a75ab23ccc6d6","displayName":"Bookworms of HSTU","projectId":"bookworms-of-hstu","webId":"NjJhOWQ1NGUtYTZlZC00ZDQxLWI5ZjctY2QwMTY5N2EwMzg5","apiKeyId":"d15b5802-8265-4ca9-a238-f7ea917bf110","state":"ACTIVE","expireTime":"1970-01-01T00:00:00Z","etag":"1_55dca79e-1c1f-4d58-84d2-6bda74ad1f8d"}]}
[debug] [2025-10-15T13:04:08.553Z] Checked if tokens are valid: true, expires at: 1760536869922
[debug] [2025-10-15T13:04:08.553Z] Checked if tokens are valid: true, expires at: 1760536869922
[debug] [2025-10-15T13:04:08.553Z] >>> [apiv2][query] GET https://firebase.googleapis.com/v1beta1/projects/-/webApps/1:96187110371:web:2f8fb0ccb22dd16cccc6d6/config [none]
[debug] [2025-10-15T13:04:09.106Z] <<< [apiv2][status] GET https://firebase.googleapis.com/v1beta1/projects/-/webApps/1:96187110371:web:2f8fb0ccb22dd16cccc6d6/config 200
[debug] [2025-10-15T13:04:09.106Z] <<< [apiv2][body] GET https://firebase.googleapis.com/v1beta1/projects/-/webApps/1:96187110371:web:2f8fb0ccb22dd16cccc6d6/config {"projectId":"bookworms-of-hstu","appId":"1:96187110371:web:2f8fb0ccb22dd16cccc6d6","storageBucket":"bookworms-of-hstu.firebasestorage.app","apiKey":"AIzaSyCJ3p9dv10bZCuhz-l1QW2S3DgLk9SaLfI","authDomain":"bookworms-of-hstu.firebaseapp.com","messagingSenderId":"96187110371","measurementId":"G-GLVMDS35LZ","projectNumber":"96187110371","version":"2"}
